[debug] [2020-10-29T15:08:51.610Z] ----------------------------------------------------------------------
[debug] [2020-10-29T15:08:51.612Z] Command:       D:\Program Files\nodejs\node.exe C:\Users\Chris\AppData\Roaming\npm\node_modules\firebase-tools\lib\bin\firebase.js serve
[debug] [2020-10-29T15:08:51.613Z] CLI Version:   8.14.1
[debug] [2020-10-29T15:08:51.613Z] Platform:      win32
[debug] [2020-10-29T15:08:51.613Z] Node Version:  v10.15.3
[debug] [2020-10-29T15:08:51.615Z] Time:          Thu Oct 29 2020 11:08:51 GMT-0400 (Eastern Daylight Time)
[debug] [2020-10-29T15:08:51.615Z] ----------------------------------------------------------------------
[debug] [2020-10-29T15:08:51.615Z] 
[debug] [2020-10-29T15:08:51.625Z] > command requires scopes: ["email","openid","https://www.googleapis.com/auth/cloudplatformprojects.readonly","https://www.googleapis.com/auth/firebase","https://www.googleapis.com/auth/cloud-platform"]
[debug] [2020-10-29T15:08:51.626Z] > authorizing via signed-in user
[debug] [2020-10-29T15:08:51.626Z] [iam] checking project queslyfemedia for permissions ["firebase.projects.get"]
[debug] [2020-10-29T15:08:51.630Z] >>> HTTP REQUEST POST https://cloudresourcemanager.googleapis.com/v1/projects/queslyfemedia:testIamPermissions  
 {"permissions":["firebase.projects.get"]}
[debug] [2020-10-29T15:08:52.029Z] <<< HTTP RESPONSE 200 {"content-type":"application/json; charset=UTF-8","vary":"X-Origin, Referer, Origin,Accept-Encoding","date":"Thu, 29 Oct 2020 15:08:51 GMT","server":"ESF","cache-control":"private","x-xss-protection":"0","x-frame-options":"SAMEORIGIN","x-content-type-options":"nosniff","server-timing":"gfet4t7; dur=223","alt-svc":"h3-Q050=\":443\"; ma=2592000,h3-29=\":443\"; ma=2592000,h3-T051=\":443\"; ma=2592000,h3-T050=\":443\"; ma=2592000,h3-Q046=\":443\"; ma=2592000,h3-Q043=\":443\"; ma=2592000,quic=\":443\"; ma=2592000; v=\"46,43\"","accept-ranges":"none","transfer-encoding":"chunked"}
[debug] [2020-10-29T15:08:52.030Z] >>> HTTP REQUEST GET https://firebase.googleapis.com/v1beta1/projects/queslyfemedia  
 
[debug] [2020-10-29T15:08:52.217Z] <<< HTTP RESPONSE 200 {"content-type":"application/json; charset=UTF-8","vary":"X-Origin, Referer, Origin,Accept-Encoding","date":"Thu, 29 Oct 2020 15:08:51 GMT","server":"ESF","cache-control":"private","x-xss-protection":"0","x-frame-options":"SAMEORIGIN","x-content-type-options":"nosniff","alt-svc":"h3-Q050=\":443\"; ma=2592000,h3-29=\":443\"; ma=2592000,h3-T051=\":443\"; ma=2592000,h3-T050=\":443\"; ma=2592000,h3-Q046=\":443\"; ma=2592000,h3-Q043=\":443\"; ma=2592000,quic=\":443\"; ma=2592000; v=\"46,43\"","accept-ranges":"none","transfer-encoding":"chunked"}
[info] 
[info] === Serving from 'D:\GitHub\GitHub\ques-lyfe-media'...
[info] 
[warn] !  Your requested "node" version "12" doesn't match your global version "10" {"metadata":{"emulator":{"name":"functions"},"message":"Your requested \"node\" version \"12\" doesn't match your global version \"10\""}}
[debug] [2020-10-29T15:08:54.253Z] defaultcredentials: writing to file C:\Users\Chris\AppData\Roaming\firebase\simbulan_c_gmail.com_application_default_credentials.json
[debug] [2020-10-29T15:08:54.256Z] Setting GAC to C:\Users\Chris\AppData\Roaming\firebase\simbulan_c_gmail.com_application_default_credentials.json {"metadata":{"emulator":{"name":"functions"},"message":"Setting GAC to C:\\Users\\Chris\\AppData\\Roaming\\firebase\\simbulan_c_gmail.com_application_default_credentials.json"}}
[info] i  functions: Watching "D:\GitHub\GitHub\ques-lyfe-media\functions" for Cloud Functions... {"metadata":{"emulator":{"name":"functions"},"message":"Watching \"D:\\GitHub\\GitHub\\ques-lyfe-media\\functions\" for Cloud Functions..."}}
[debug] [2020-10-29T15:08:54.284Z] [worker-pool] addWorker(~diagnostic~) {"metadata":{"emulator":{"name":"functions"},"message":"[worker-pool] addWorker(~diagnostic~)"}}
[debug] [2020-10-29T15:08:54.284Z] [worker-pool] Adding worker with key ~diagnostic~, total=1 {"metadata":{"emulator":{"name":"functions"},"message":"[worker-pool] Adding worker with key ~diagnostic~, total=1"}}
[debug] [2020-10-29T15:08:54.284Z] [worker-pool] submitWork(triggerId=) {"metadata":{"emulator":{"name":"functions"},"message":"[worker-pool] submitWork(triggerId=)"}}
[debug] [2020-10-29T15:08:54.285Z] [worker-~diagnostic~-b9dffdc8-8b43-41f8-81de-a2bbf9babb2f]: Assigning socketPath: \\?\pipe\D:\GitHub\GitHub\ques-lyfe-media\functions\23248 {"metadata":{"emulator":{"name":"functions"},"message":"[worker-~diagnostic~-b9dffdc8-8b43-41f8-81de-a2bbf9babb2f]: Assigning socketPath: \\\\?\\pipe\\D:\\GitHub\\GitHub\\ques-lyfe-media\\functions\\23248"}}
[debug] [2020-10-29T15:08:54.286Z] [worker-~diagnostic~-b9dffdc8-8b43-41f8-81de-a2bbf9babb2f]: BUSY {"metadata":{"emulator":{"name":"functions"},"message":"[worker-~diagnostic~-b9dffdc8-8b43-41f8-81de-a2bbf9babb2f]: BUSY"}}
[debug] [2020-10-29T15:08:54.851Z] [runtime-status] [23248] Functions runtime initialized. {"cwd":"D:\\GitHub\\GitHub\\ques-lyfe-media\\functions","node_version":"10.15.3"} {"metadata":{"emulator":{"name":"functions"},"message":"[runtime-status] [23248] Functions runtime initialized. {\"cwd\":\"D:\\\\GitHub\\\\GitHub\\\\ques-lyfe-media\\\\functions\",\"node_version\":\"10.15.3\"}"}}
[debug] [2020-10-29T15:08:54.852Z] [runtime-status] [23248] Disabled runtime features: undefined {"metadata":{"emulator":{"name":"functions"},"message":"[runtime-status] [23248] Disabled runtime features: undefined"}}
[debug] [2020-10-29T15:08:54.860Z] [runtime-status] [23248] Resolved module firebase-admin {"declared":true,"installed":true,"version":"9.3.0","resolution":"D:\\GitHub\\GitHub\\ques-lyfe-media\\functions\\node_modules\\firebase-admin\\lib\\index.js"} {"metadata":{"emulator":{"name":"functions"},"message":"[runtime-status] [23248] Resolved module firebase-admin {\"declared\":true,\"installed\":true,\"version\":\"9.3.0\",\"resolution\":\"D:\\\\GitHub\\\\GitHub\\\\ques-lyfe-media\\\\functions\\\\node_modules\\\\firebase-admin\\\\lib\\\\index.js\"}"}}
[debug] [2020-10-29T15:08:54.864Z] [runtime-status] [23248] Resolved module firebase-functions {"declared":true,"installed":true,"version":"3.11.0","resolution":"D:\\GitHub\\GitHub\\ques-lyfe-media\\functions\\node_modules\\firebase-functions\\lib\\index.js"} {"metadata":{"emulator":{"name":"functions"},"message":"[runtime-status] [23248] Resolved module firebase-functions {\"declared\":true,\"installed\":true,\"version\":\"3.11.0\",\"resolution\":\"D:\\\\GitHub\\\\GitHub\\\\ques-lyfe-media\\\\functions\\\\node_modules\\\\firebase-functions\\\\lib\\\\index.js\"}"}}
[debug] [2020-10-29T15:08:54.865Z] [runtime-status] [23248] Resolved module firebase-functions {"declared":true,"installed":true,"version":"3.11.0","resolution":"D:\\GitHub\\GitHub\\ques-lyfe-media\\functions\\node_modules\\firebase-functions\\lib\\index.js"} {"metadata":{"emulator":{"name":"functions"},"message":"[runtime-status] [23248] Resolved module firebase-functions {\"declared\":true,\"installed\":true,\"version\":\"3.11.0\",\"resolution\":\"D:\\\\GitHub\\\\GitHub\\\\ques-lyfe-media\\\\functions\\\\node_modules\\\\firebase-functions\\\\lib\\\\index.js\"}"}}
[debug] [2020-10-29T15:08:54.870Z] [runtime-status] [23248] Outgoing network have been stubbed. [{"name":"http","status":"mocked"},{"name":"http","status":"mocked"},{"name":"https","status":"mocked"},{"name":"https","status":"mocked"},{"name":"net","status":"mocked"}] {"metadata":{"emulator":{"name":"functions"},"message":"[runtime-status] [23248] Outgoing network have been stubbed. [{\"name\":\"http\",\"status\":\"mocked\"},{\"name\":\"http\",\"status\":\"mocked\"},{\"name\":\"https\",\"status\":\"mocked\"},{\"name\":\"https\",\"status\":\"mocked\"},{\"name\":\"net\",\"status\":\"mocked\"}]"}}
[debug] [2020-10-29T15:08:54.872Z] [runtime-status] [23248] Resolved module firebase-functions {"declared":true,"installed":true,"version":"3.11.0","resolution":"D:\\GitHub\\GitHub\\ques-lyfe-media\\functions\\node_modules\\firebase-functions\\lib\\index.js"} {"metadata":{"emulator":{"name":"functions"},"message":"[runtime-status] [23248] Resolved module firebase-functions {\"declared\":true,\"installed\":true,\"version\":\"3.11.0\",\"resolution\":\"D:\\\\GitHub\\\\GitHub\\\\ques-lyfe-media\\\\functions\\\\node_modules\\\\firebase-functions\\\\lib\\\\index.js\"}"}}
[debug] [2020-10-29T15:08:54.970Z] [runtime-status] [23248] Checked functions.config() {"config":{}} {"metadata":{"emulator":{"name":"functions"},"message":"[runtime-status] [23248] Checked functions.config() {\"config\":{}}"}}
[debug] [2020-10-29T15:08:54.971Z] [runtime-status] [23248] firebase-functions has been stubbed. {"functionsResolution":{"declared":true,"installed":true,"version":"3.11.0","resolution":"D:\\GitHub\\GitHub\\ques-lyfe-media\\functions\\node_modules\\firebase-functions\\lib\\index.js"}} {"metadata":{"emulator":{"name":"functions"},"message":"[runtime-status] [23248] firebase-functions has been stubbed. {\"functionsResolution\":{\"declared\":true,\"installed\":true,\"version\":\"3.11.0\",\"resolution\":\"D:\\\\GitHub\\\\GitHub\\\\ques-lyfe-media\\\\functions\\\\node_modules\\\\firebase-functions\\\\lib\\\\index.js\"}}"}}
[debug] [2020-10-29T15:08:54.972Z] [runtime-status] [23248] Resolved module firebase-functions {"declared":true,"installed":true,"version":"3.11.0","resolution":"D:\\GitHub\\GitHub\\ques-lyfe-media\\functions\\node_modules\\firebase-functions\\lib\\index.js"} {"metadata":{"emulator":{"name":"functions"},"message":"[runtime-status] [23248] Resolved module firebase-functions {\"declared\":true,\"installed\":true,\"version\":\"3.11.0\",\"resolution\":\"D:\\\\GitHub\\\\GitHub\\\\ques-lyfe-media\\\\functions\\\\node_modules\\\\firebase-functions\\\\lib\\\\index.js\"}"}}
[debug] [2020-10-29T15:08:54.975Z] [runtime-status] [23248] Resolved module firebase-admin {"declared":true,"installed":true,"version":"9.3.0","resolution":"D:\\GitHub\\GitHub\\ques-lyfe-media\\functions\\node_modules\\firebase-admin\\lib\\index.js"} {"metadata":{"emulator":{"name":"functions"},"message":"[runtime-status] [23248] Resolved module firebase-admin {\"declared\":true,\"installed\":true,\"version\":\"9.3.0\",\"resolution\":\"D:\\\\GitHub\\\\GitHub\\\\ques-lyfe-media\\\\functions\\\\node_modules\\\\firebase-admin\\\\lib\\\\index.js\"}"}}
[debug] [2020-10-29T15:08:54.976Z] [runtime-status] [23248] Resolved module firebase-functions {"declared":true,"installed":true,"version":"3.11.0","resolution":"D:\\GitHub\\GitHub\\ques-lyfe-media\\functions\\node_modules\\firebase-functions\\lib\\index.js"} {"metadata":{"emulator":{"name":"functions"},"message":"[runtime-status] [23248] Resolved module firebase-functions {\"declared\":true,\"installed\":true,\"version\":\"3.11.0\",\"resolution\":\"D:\\\\GitHub\\\\GitHub\\\\ques-lyfe-media\\\\functions\\\\node_modules\\\\firebase-functions\\\\lib\\\\index.js\"}"}}
[debug] [2020-10-29T15:08:54.976Z] [runtime-status] [23248] firebase-admin has been stubbed. {"adminResolution":{"declared":true,"installed":true,"version":"9.3.0","resolution":"D:\\GitHub\\GitHub\\ques-lyfe-media\\functions\\node_modules\\firebase-admin\\lib\\index.js"}} {"metadata":{"emulator":{"name":"functions"},"message":"[runtime-status] [23248] firebase-admin has been stubbed. {\"adminResolution\":{\"declared\":true,\"installed\":true,\"version\":\"9.3.0\",\"resolution\":\"D:\\\\GitHub\\\\GitHub\\\\ques-lyfe-media\\\\functions\\\\node_modules\\\\firebase-admin\\\\lib\\\\index.js\"}}"}}
[debug] [2020-10-29T15:08:55.208Z] [runtime-status] [23248] initializeApp(DEFAULT) {"databaseURL":"https://queslyfemedia.firebaseio.com","storageBucket":"queslyfemedia.appspot.com","projectId":"queslyfemedia"} {"metadata":{"emulator":{"name":"functions"},"message":"[runtime-status] [23248] initializeApp(DEFAULT) {\"databaseURL\":\"https://queslyfemedia.firebaseio.com\",\"storageBucket\":\"queslyfemedia.appspot.com\",\"projectId\":\"queslyfemedia\"}"}}
[info] +  functions[api]: http function initialized (http://localhost:5000/queslyfemedia/us-central1/api). {"metadata":{"emulator":{"name":"functions"},"message":"\u001b[1mhttp\u001b[22m function initialized (http://localhost:5000/queslyfemedia/us-central1/api)."}}
[debug] [2020-10-29T15:08:55.213Z] [worker-~diagnostic~-b9dffdc8-8b43-41f8-81de-a2bbf9babb2f]: IDLE {"metadata":{"emulator":{"name":"functions"},"message":"[worker-~diagnostic~-b9dffdc8-8b43-41f8-81de-a2bbf9babb2f]: IDLE"}}
[debug] [2020-10-29T15:13:01.913Z] [work-queue] {"queueLength":1,"workRunningCount":0}
[debug] [2020-10-29T15:13:01.914Z] [work-queue] {"queueLength":0,"workRunningCount":1}
[debug] [2020-10-29T15:13:01.914Z] Accepted request GET /queslyfemedia/us-central1/api --> api
[debug] [2020-10-29T15:13:01.919Z] [worker-pool] addWorker(api) {"metadata":{"emulator":{"name":"functions"},"message":"[worker-pool] addWorker(api)"}}
[debug] [2020-10-29T15:13:01.919Z] [worker-pool] Adding worker with key api, total=1 {"metadata":{"emulator":{"name":"functions"},"message":"[worker-pool] Adding worker with key api, total=1"}}
[debug] [2020-10-29T15:13:01.920Z] [worker-pool] submitWork(triggerId=api) {"metadata":{"emulator":{"name":"functions"},"message":"[worker-pool] submitWork(triggerId=api)"}}
[debug] [2020-10-29T15:13:01.920Z] [worker-api-bc7926ab-2220-41f0-8034-f601917ad278]: Assigning socketPath: \\?\pipe\D:\GitHub\GitHub\ques-lyfe-media\functions\15684 {"metadata":{"emulator":{"name":"functions"},"message":"[worker-api-bc7926ab-2220-41f0-8034-f601917ad278]: Assigning socketPath: \\\\?\\pipe\\D:\\GitHub\\GitHub\\ques-lyfe-media\\functions\\15684"}}
[debug] [2020-10-29T15:13:01.920Z] [worker-api-bc7926ab-2220-41f0-8034-f601917ad278]: BUSY {"metadata":{"emulator":{"name":"functions"},"message":"[worker-api-bc7926ab-2220-41f0-8034-f601917ad278]: BUSY"}}
[debug] [2020-10-29T15:13:02.376Z] [runtime-status] [15684] Functions runtime initialized. {"cwd":"D:\\GitHub\\GitHub\\ques-lyfe-media\\functions","node_version":"10.15.3"} {"metadata":{"emulator":{"name":"functions"},"function":{"name":"api"},"message":"[runtime-status] [15684] Functions runtime initialized. {\"cwd\":\"D:\\\\GitHub\\\\GitHub\\\\ques-lyfe-media\\\\functions\",\"node_version\":\"10.15.3\"}"}}
[debug] [2020-10-29T15:13:02.378Z] [runtime-status] [15684] Disabled runtime features: undefined {"metadata":{"emulator":{"name":"functions"},"function":{"name":"api"},"message":"[runtime-status] [15684] Disabled runtime features: undefined"}}
[debug] [2020-10-29T15:13:02.384Z] [runtime-status] [15684] Resolved module firebase-admin {"declared":true,"installed":true,"version":"9.3.0","resolution":"D:\\GitHub\\GitHub\\ques-lyfe-media\\functions\\node_modules\\firebase-admin\\lib\\index.js"} {"metadata":{"emulator":{"name":"functions"},"function":{"name":"api"},"message":"[runtime-status] [15684] Resolved module firebase-admin {\"declared\":true,\"installed\":true,\"version\":\"9.3.0\",\"resolution\":\"D:\\\\GitHub\\\\GitHub\\\\ques-lyfe-media\\\\functions\\\\node_modules\\\\firebase-admin\\\\lib\\\\index.js\"}"}}
[debug] [2020-10-29T15:13:02.387Z] [runtime-status] [15684] Resolved module firebase-functions {"declared":true,"installed":true,"version":"3.11.0","resolution":"D:\\GitHub\\GitHub\\ques-lyfe-media\\functions\\node_modules\\firebase-functions\\lib\\index.js"} {"metadata":{"emulator":{"name":"functions"},"function":{"name":"api"},"message":"[runtime-status] [15684] Resolved module firebase-functions {\"declared\":true,\"installed\":true,\"version\":\"3.11.0\",\"resolution\":\"D:\\\\GitHub\\\\GitHub\\\\ques-lyfe-media\\\\functions\\\\node_modules\\\\firebase-functions\\\\lib\\\\index.js\"}"}}
[debug] [2020-10-29T15:13:02.388Z] [runtime-status] [15684] Resolved module firebase-functions {"declared":true,"installed":true,"version":"3.11.0","resolution":"D:\\GitHub\\GitHub\\ques-lyfe-media\\functions\\node_modules\\firebase-functions\\lib\\index.js"} {"metadata":{"emulator":{"name":"functions"},"function":{"name":"api"},"message":"[runtime-status] [15684] Resolved module firebase-functions {\"declared\":true,\"installed\":true,\"version\":\"3.11.0\",\"resolution\":\"D:\\\\GitHub\\\\GitHub\\\\ques-lyfe-media\\\\functions\\\\node_modules\\\\firebase-functions\\\\lib\\\\index.js\"}"}}
[debug] [2020-10-29T15:13:02.391Z] [runtime-status] [15684] Outgoing network have been stubbed. [{"name":"http","status":"mocked"},{"name":"http","status":"mocked"},{"name":"https","status":"mocked"},{"name":"https","status":"mocked"},{"name":"net","status":"mocked"}] {"metadata":{"emulator":{"name":"functions"},"function":{"name":"api"},"message":"[runtime-status] [15684] Outgoing network have been stubbed. [{\"name\":\"http\",\"status\":\"mocked\"},{\"name\":\"http\",\"status\":\"mocked\"},{\"name\":\"https\",\"status\":\"mocked\"},{\"name\":\"https\",\"status\":\"mocked\"},{\"name\":\"net\",\"status\":\"mocked\"}]"}}
[debug] [2020-10-29T15:13:02.393Z] [runtime-status] [15684] Resolved module firebase-functions {"declared":true,"installed":true,"version":"3.11.0","resolution":"D:\\GitHub\\GitHub\\ques-lyfe-media\\functions\\node_modules\\firebase-functions\\lib\\index.js"} {"metadata":{"emulator":{"name":"functions"},"function":{"name":"api"},"message":"[runtime-status] [15684] Resolved module firebase-functions {\"declared\":true,\"installed\":true,\"version\":\"3.11.0\",\"resolution\":\"D:\\\\GitHub\\\\GitHub\\\\ques-lyfe-media\\\\functions\\\\node_modules\\\\firebase-functions\\\\lib\\\\index.js\"}"}}
[debug] [2020-10-29T15:13:02.460Z] [runtime-status] [15684] Checked functions.config() {"config":{}} {"metadata":{"emulator":{"name":"functions"},"function":{"name":"api"},"message":"[runtime-status] [15684] Checked functions.config() {\"config\":{}}"}}
[debug] [2020-10-29T15:13:02.460Z] [runtime-status] [15684] firebase-functions has been stubbed. {"functionsResolution":{"declared":true,"installed":true,"version":"3.11.0","resolution":"D:\\GitHub\\GitHub\\ques-lyfe-media\\functions\\node_modules\\firebase-functions\\lib\\index.js"}} {"metadata":{"emulator":{"name":"functions"},"function":{"name":"api"},"message":"[runtime-status] [15684] firebase-functions has been stubbed. {\"functionsResolution\":{\"declared\":true,\"installed\":true,\"version\":\"3.11.0\",\"resolution\":\"D:\\\\GitHub\\\\GitHub\\\\ques-lyfe-media\\\\functions\\\\node_modules\\\\firebase-functions\\\\lib\\\\index.js\"}}"}}
[debug] [2020-10-29T15:13:02.461Z] [runtime-status] [15684] Resolved module firebase-functions {"declared":true,"installed":true,"version":"3.11.0","resolution":"D:\\GitHub\\GitHub\\ques-lyfe-media\\functions\\node_modules\\firebase-functions\\lib\\index.js"} {"metadata":{"emulator":{"name":"functions"},"function":{"name":"api"},"message":"[runtime-status] [15684] Resolved module firebase-functions {\"declared\":true,\"installed\":true,\"version\":\"3.11.0\",\"resolution\":\"D:\\\\GitHub\\\\GitHub\\\\ques-lyfe-media\\\\functions\\\\node_modules\\\\firebase-functions\\\\lib\\\\index.js\"}"}}
[debug] [2020-10-29T15:13:02.462Z] [runtime-status] [15684] Resolved module firebase-admin {"declared":true,"installed":true,"version":"9.3.0","resolution":"D:\\GitHub\\GitHub\\ques-lyfe-media\\functions\\node_modules\\firebase-admin\\lib\\index.js"} {"metadata":{"emulator":{"name":"functions"},"function":{"name":"api"},"message":"[runtime-status] [15684] Resolved module firebase-admin {\"declared\":true,\"installed\":true,\"version\":\"9.3.0\",\"resolution\":\"D:\\\\GitHub\\\\GitHub\\\\ques-lyfe-media\\\\functions\\\\node_modules\\\\firebase-admin\\\\lib\\\\index.js\"}"}}
[debug] [2020-10-29T15:13:02.463Z] [runtime-status] [15684] Resolved module firebase-functions {"declared":true,"installed":true,"version":"3.11.0","resolution":"D:\\GitHub\\GitHub\\ques-lyfe-media\\functions\\node_modules\\firebase-functions\\lib\\index.js"} {"metadata":{"emulator":{"name":"functions"},"function":{"name":"api"},"message":"[runtime-status] [15684] Resolved module firebase-functions {\"declared\":true,\"installed\":true,\"version\":\"3.11.0\",\"resolution\":\"D:\\\\GitHub\\\\GitHub\\\\ques-lyfe-media\\\\functions\\\\node_modules\\\\firebase-functions\\\\lib\\\\index.js\"}"}}
[debug] [2020-10-29T15:13:02.463Z] [runtime-status] [15684] firebase-admin has been stubbed. {"adminResolution":{"declared":true,"installed":true,"version":"9.3.0","resolution":"D:\\GitHub\\GitHub\\ques-lyfe-media\\functions\\node_modules\\firebase-admin\\lib\\index.js"}} {"metadata":{"emulator":{"name":"functions"},"function":{"name":"api"},"message":"[runtime-status] [15684] firebase-admin has been stubbed. {\"adminResolution\":{\"declared\":true,\"installed\":true,\"version\":\"9.3.0\",\"resolution\":\"D:\\\\GitHub\\\\GitHub\\\\ques-lyfe-media\\\\functions\\\\node_modules\\\\firebase-admin\\\\lib\\\\index.js\"}}"}}
[debug] [2020-10-29T15:13:02.664Z] [runtime-status] [15684] initializeApp(DEFAULT) {"databaseURL":"https://queslyfemedia.firebaseio.com","storageBucket":"queslyfemedia.appspot.com","projectId":"queslyfemedia"} {"metadata":{"emulator":{"name":"functions"},"function":{"name":"api"},"message":"[runtime-status] [15684] initializeApp(DEFAULT) {\"databaseURL\":\"https://queslyfemedia.firebaseio.com\",\"storageBucket\":\"queslyfemedia.appspot.com\",\"projectId\":\"queslyfemedia\"}"}}
[debug] [2020-10-29T15:13:02.667Z] [runtime-status] [15684] Trigger "api" has been found, beginning invocation! {"metadata":{"emulator":{"name":"functions"},"function":{"name":"api"},"message":"[runtime-status] [15684] Trigger \"api\" has been found, beginning invocation!"}}
[info] i  functions: Beginning execution of "api" {"metadata":{"emulator":{"name":"functions"},"function":{"name":"api"},"message":"Beginning execution of \"api\""}}
[debug] [2020-10-29T15:13:02.668Z] [runtime-status] [15684] triggerDefinition {"httpsTrigger":{},"name":"api","entryPoint":"api"} {"metadata":{"emulator":{"name":"functions"},"function":{"name":"api"},"message":"[runtime-status] [15684] triggerDefinition {\"httpsTrigger\":{},\"name\":\"api\",\"entryPoint\":\"api\"}"}}
[debug] [2020-10-29T15:13:02.668Z] [runtime-status] [15684] Running api in mode HTTPS {"metadata":{"emulator":{"name":"functions"},"function":{"name":"api"},"message":"[runtime-status] [15684] Running api in mode HTTPS"}}
[debug] [2020-10-29T15:13:02.671Z] [runtime-status] [15684] Attempting to listen to socketPath: \\?\pipe\D:\GitHub\GitHub\ques-lyfe-media\functions\15684 {"metadata":{"emulator":{"name":"functions"},"function":{"name":"api"},"message":"[runtime-status] [15684] Attempting to listen to socketPath: \\\\?\\pipe\\D:\\GitHub\\GitHub\\ques-lyfe-media\\functions\\15684"}}
[debug] [2020-10-29T15:13:02.676Z] [functions] Runtime ready! Sending request! {"metadata":{"emulator":{"name":"functions"},"message":"[functions] Runtime ready! Sending request!"}}
[debug] [2020-10-29T15:13:02.693Z] [runtime-status] [15684] Ephemeral server handling GET request {"metadata":{"emulator":{"name":"functions"},"function":{"name":"api"},"message":"[runtime-status] [15684] Ephemeral server handling GET request"}}
[debug] [2020-10-29T15:13:02.698Z] [runtime-status] [15684] Ephemeral server survived. {"metadata":{"emulator":{"name":"functions"},"function":{"name":"api"},"message":"[runtime-status] [15684] Ephemeral server survived."}}
[info] i  functions: Finished "api" in ~1s {"metadata":{"emulator":{"name":"functions"},"function":{"name":"api"},"message":"Finished \"api\" in ~1s"}}
[debug] [2020-10-29T15:13:02.699Z] [worker-api-bc7926ab-2220-41f0-8034-f601917ad278]: IDLE {"metadata":{"emulator":{"name":"functions"},"message":"[worker-api-bc7926ab-2220-41f0-8034-f601917ad278]: IDLE"}}
[debug] [2020-10-29T15:13:02.699Z] [work-queue] {"queueLength":0,"workRunningCount":0}
[debug] [2020-10-29T15:13:07.035Z] [work-queue] {"queueLength":1,"workRunningCount":0}
[debug] [2020-10-29T15:13:07.035Z] [work-queue] {"queueLength":0,"workRunningCount":1}
[debug] [2020-10-29T15:13:07.035Z] Accepted request GET /queslyfemedia/us-central1/api/posts --> api
[debug] [2020-10-29T15:13:07.035Z] [worker-pool] submitWork(triggerId=api) {"metadata":{"emulator":{"name":"functions"},"message":"[worker-pool] submitWork(triggerId=api)"}}
[debug] [2020-10-29T15:13:07.035Z] [worker-api-bc7926ab-2220-41f0-8034-f601917ad278]: Assigning socketPath: \\?\pipe\D:\GitHub\GitHub\ques-lyfe-media\functions\15684 {"metadata":{"emulator":{"name":"functions"},"message":"[worker-api-bc7926ab-2220-41f0-8034-f601917ad278]: Assigning socketPath: \\\\?\\pipe\\D:\\GitHub\\GitHub\\ques-lyfe-media\\functions\\15684"}}
[debug] [2020-10-29T15:13:07.035Z] [worker-api-bc7926ab-2220-41f0-8034-f601917ad278]: BUSY {"metadata":{"emulator":{"name":"functions"},"message":"[worker-api-bc7926ab-2220-41f0-8034-f601917ad278]: BUSY"}}
[debug] [2020-10-29T15:13:07.036Z] [runtime-status] [15684] Trigger "api" has been found, beginning invocation! {"metadata":{"emulator":{"name":"functions"},"function":{"name":"api"},"message":"[runtime-status] [15684] Trigger \"api\" has been found, beginning invocation!"}}
[info] i  functions: Beginning execution of "api" {"metadata":{"emulator":{"name":"functions"},"function":{"name":"api"},"message":"Beginning execution of \"api\""}}
[debug] [2020-10-29T15:13:07.037Z] [runtime-status] [15684] triggerDefinition {"httpsTrigger":{},"name":"api","entryPoint":"api"} {"metadata":{"emulator":{"name":"functions"},"function":{"name":"api"},"message":"[runtime-status] [15684] triggerDefinition {\"httpsTrigger\":{},\"name\":\"api\",\"entryPoint\":\"api\"}"}}
[debug] [2020-10-29T15:13:07.037Z] [runtime-status] [15684] Running api in mode HTTPS {"metadata":{"emulator":{"name":"functions"},"function":{"name":"api"},"message":"[runtime-status] [15684] Running api in mode HTTPS"}}
[debug] [2020-10-29T15:13:07.037Z] [runtime-status] [15684] Attempting to listen to socketPath: \\?\pipe\D:\GitHub\GitHub\ques-lyfe-media\functions\15684 {"metadata":{"emulator":{"name":"functions"},"function":{"name":"api"},"message":"[runtime-status] [15684] Attempting to listen to socketPath: \\\\?\\pipe\\D:\\GitHub\\GitHub\\ques-lyfe-media\\functions\\15684"}}
[debug] [2020-10-29T15:13:07.038Z] [functions] Runtime ready! Sending request! {"metadata":{"emulator":{"name":"functions"},"message":"[functions] Runtime ready! Sending request!"}}
[debug] [2020-10-29T15:13:07.042Z] [runtime-status] [15684] Ephemeral server handling GET request {"metadata":{"emulator":{"name":"functions"},"function":{"name":"api"},"message":"[runtime-status] [15684] Ephemeral server handling GET request"}}
[warn] !  functions: The Cloud Firestore emulator is not running, so calls to Firestore will affect production. {"metadata":{"emulator":{"name":"functions"},"function":{"name":"api"},"message":"The Cloud Firestore emulator is not running, so calls to Firestore will affect production."}}
[debug] [2020-10-29T15:13:07.498Z] [runtime-status] [15684] Ephemeral server survived. {"metadata":{"emulator":{"name":"functions"},"function":{"name":"api"},"message":"[runtime-status] [15684] Ephemeral server survived."}}
[warn] !  Google API requested!
   - URL: "https://oauth2.googleapis.com/token"
   - Be careful, this may be a production service. {"metadata":{"emulator":{"name":"functions"},"function":{"name":"api"},"message":"Google API requested!\n   - URL: \"https://oauth2.googleapis.com/token\"\n   - Be careful, this may be a production service."}}
[info] i  functions: Finished "api" in ~1s {"metadata":{"emulator":{"name":"functions"},"function":{"name":"api"},"message":"Finished \"api\" in ~1s"}}
[debug] [2020-10-29T15:13:08.089Z] [worker-api-bc7926ab-2220-41f0-8034-f601917ad278]: IDLE {"metadata":{"emulator":{"name":"functions"},"message":"[worker-api-bc7926ab-2220-41f0-8034-f601917ad278]: IDLE"}}
[debug] [2020-10-29T15:13:08.089Z] [work-queue] {"queueLength":0,"workRunningCount":0}
[debug] [2020-10-29T15:15:35.053Z] [work-queue] {"queueLength":1,"workRunningCount":0}
[debug] [2020-10-29T15:15:35.053Z] [work-queue] {"queueLength":0,"workRunningCount":1}
[debug] [2020-10-29T15:15:35.053Z] Accepted request POST /queslyfemedia/us-central1/api/post --> api
[debug] [2020-10-29T15:15:35.054Z] [worker-pool] submitWork(triggerId=api) {"metadata":{"emulator":{"name":"functions"},"message":"[worker-pool] submitWork(triggerId=api)"}}
[debug] [2020-10-29T15:15:35.054Z] [worker-api-bc7926ab-2220-41f0-8034-f601917ad278]: Assigning socketPath: \\?\pipe\D:\GitHub\GitHub\ques-lyfe-media\functions\15684 {"metadata":{"emulator":{"name":"functions"},"message":"[worker-api-bc7926ab-2220-41f0-8034-f601917ad278]: Assigning socketPath: \\\\?\\pipe\\D:\\GitHub\\GitHub\\ques-lyfe-media\\functions\\15684"}}
[debug] [2020-10-29T15:15:35.054Z] [worker-api-bc7926ab-2220-41f0-8034-f601917ad278]: BUSY {"metadata":{"emulator":{"name":"functions"},"message":"[worker-api-bc7926ab-2220-41f0-8034-f601917ad278]: BUSY"}}
[debug] [2020-10-29T15:15:35.054Z] [runtime-status] [15684] Trigger "api" has been found, beginning invocation! {"metadata":{"emulator":{"name":"functions"},"function":{"name":"api"},"message":"[runtime-status] [15684] Trigger \"api\" has been found, beginning invocation!"}}
[info] i  functions: Beginning execution of "api" {"metadata":{"emulator":{"name":"functions"},"function":{"name":"api"},"message":"Beginning execution of \"api\""}}
[debug] [2020-10-29T15:15:35.055Z] [runtime-status] [15684] triggerDefinition {"httpsTrigger":{},"name":"api","entryPoint":"api"} {"metadata":{"emulator":{"name":"functions"},"function":{"name":"api"},"message":"[runtime-status] [15684] triggerDefinition {\"httpsTrigger\":{},\"name\":\"api\",\"entryPoint\":\"api\"}"}}
[debug] [2020-10-29T15:15:35.055Z] [runtime-status] [15684] Running api in mode HTTPS {"metadata":{"emulator":{"name":"functions"},"function":{"name":"api"},"message":"[runtime-status] [15684] Running api in mode HTTPS"}}
[debug] [2020-10-29T15:15:35.055Z] [runtime-status] [15684] Attempting to listen to socketPath: \\?\pipe\D:\GitHub\GitHub\ques-lyfe-media\functions\15684 {"metadata":{"emulator":{"name":"functions"},"function":{"name":"api"},"message":"[runtime-status] [15684] Attempting to listen to socketPath: \\\\?\\pipe\\D:\\GitHub\\GitHub\\ques-lyfe-media\\functions\\15684"}}
[debug] [2020-10-29T15:15:35.056Z] [functions] Runtime ready! Sending request! {"metadata":{"emulator":{"name":"functions"},"message":"[functions] Runtime ready! Sending request!"}}
[debug] [2020-10-29T15:15:35.058Z] [runtime-status] [15684] Ephemeral server handling POST request {"metadata":{"emulator":{"name":"functions"},"function":{"name":"api"},"message":"[runtime-status] [15684] Ephemeral server handling POST request"}}
[debug] [2020-10-29T15:15:35.060Z] [runtime-status] [15684] Ephemeral server survived. {"metadata":{"emulator":{"name":"functions"},"function":{"name":"api"},"message":"[runtime-status] [15684] Ephemeral server survived."}}
[info] i  functions: Finished "api" in ~1s {"metadata":{"emulator":{"name":"functions"},"function":{"name":"api"},"message":"Finished \"api\" in ~1s"}}
[debug] [2020-10-29T15:15:35.238Z] [worker-api-bc7926ab-2220-41f0-8034-f601917ad278]: IDLE {"metadata":{"emulator":{"name":"functions"},"message":"[worker-api-bc7926ab-2220-41f0-8034-f601917ad278]: IDLE"}}
[debug] [2020-10-29T15:15:35.238Z] [work-queue] {"queueLength":0,"workRunningCount":0}
[debug] [2020-10-29T15:16:20.712Z] File D:\GitHub\GitHub\ques-lyfe-media\functions\index.js changed, reloading triggers {"metadata":{"emulator":{"name":"functions"},"message":"File D:\\GitHub\\GitHub\\ques-lyfe-media\\functions\\index.js changed, reloading triggers"}}
[debug] [2020-10-29T15:16:21.713Z] [worker-pool] Shutting down IDLE worker (~diagnostic~) {"metadata":{"emulator":{"name":"functions"},"message":"[worker-pool] Shutting down IDLE worker (~diagnostic~)"}}
[debug] [2020-10-29T15:16:21.713Z] [worker-~diagnostic~-b9dffdc8-8b43-41f8-81de-a2bbf9babb2f]: FINISHING {"metadata":{"emulator":{"name":"functions"},"message":"[worker-~diagnostic~-b9dffdc8-8b43-41f8-81de-a2bbf9babb2f]: FINISHING"}}
[debug] [2020-10-29T15:16:21.715Z] [worker-pool] Shutting down IDLE worker (api) {"metadata":{"emulator":{"name":"functions"},"message":"[worker-pool] Shutting down IDLE worker (api)"}}
[debug] [2020-10-29T15:16:21.715Z] [worker-api-bc7926ab-2220-41f0-8034-f601917ad278]: FINISHING {"metadata":{"emulator":{"name":"functions"},"message":"[worker-api-bc7926ab-2220-41f0-8034-f601917ad278]: FINISHING"}}
[debug] [2020-10-29T15:16:21.721Z] [worker-pool] addWorker(~diagnostic~) {"metadata":{"emulator":{"name":"functions"},"message":"[worker-pool] addWorker(~diagnostic~)"}}
[debug] [2020-10-29T15:16:21.721Z] [worker-pool] Adding worker with key ~diagnostic~, total=2 {"metadata":{"emulator":{"name":"functions"},"message":"[worker-pool] Adding worker with key ~diagnostic~, total=2"}}
[debug] [2020-10-29T15:16:21.721Z] [worker-pool] submitWork(triggerId=) {"metadata":{"emulator":{"name":"functions"},"message":"[worker-pool] submitWork(triggerId=)"}}
[debug] [2020-10-29T15:16:21.721Z] [worker-~diagnostic~-b1e37af0-3ab6-419b-89e6-2618f79cb56d]: Assigning socketPath: \\?\pipe\D:\GitHub\GitHub\ques-lyfe-media\functions\12976 {"metadata":{"emulator":{"name":"functions"},"message":"[worker-~diagnostic~-b1e37af0-3ab6-419b-89e6-2618f79cb56d]: Assigning socketPath: \\\\?\\pipe\\D:\\GitHub\\GitHub\\ques-lyfe-media\\functions\\12976"}}
[debug] [2020-10-29T15:16:21.723Z] [worker-~diagnostic~-b1e37af0-3ab6-419b-89e6-2618f79cb56d]: BUSY {"metadata":{"emulator":{"name":"functions"},"message":"[worker-~diagnostic~-b1e37af0-3ab6-419b-89e6-2618f79cb56d]: BUSY"}}
[debug] [2020-10-29T15:16:21.724Z] [worker-~diagnostic~-b9dffdc8-8b43-41f8-81de-a2bbf9babb2f]: exited {"metadata":{"emulator":{"name":"functions"},"message":"[worker-~diagnostic~-b9dffdc8-8b43-41f8-81de-a2bbf9babb2f]: exited"}}
[debug] [2020-10-29T15:16:21.724Z] [worker-~diagnostic~-b9dffdc8-8b43-41f8-81de-a2bbf9babb2f]: FINISHED {"metadata":{"emulator":{"name":"functions"},"message":"[worker-~diagnostic~-b9dffdc8-8b43-41f8-81de-a2bbf9babb2f]: FINISHED"}}
[debug] [2020-10-29T15:16:21.726Z] [worker-api-bc7926ab-2220-41f0-8034-f601917ad278]: exited {"metadata":{"emulator":{"name":"functions"},"message":"[worker-api-bc7926ab-2220-41f0-8034-f601917ad278]: exited"}}
[debug] [2020-10-29T15:16:21.726Z] [worker-api-bc7926ab-2220-41f0-8034-f601917ad278]: FINISHED {"metadata":{"emulator":{"name":"functions"},"message":"[worker-api-bc7926ab-2220-41f0-8034-f601917ad278]: FINISHED"}}
[debug] [2020-10-29T15:16:22.295Z] [runtime-status] [12976] Functions runtime initialized. {"cwd":"D:\\GitHub\\GitHub\\ques-lyfe-media\\functions","node_version":"10.15.3"} {"metadata":{"emulator":{"name":"functions"},"message":"[runtime-status] [12976] Functions runtime initialized. {\"cwd\":\"D:\\\\GitHub\\\\GitHub\\\\ques-lyfe-media\\\\functions\",\"node_version\":\"10.15.3\"}"}}
[debug] [2020-10-29T15:16:22.297Z] [runtime-status] [12976] Disabled runtime features: undefined {"metadata":{"emulator":{"name":"functions"},"message":"[runtime-status] [12976] Disabled runtime features: undefined"}}
[debug] [2020-10-29T15:16:22.304Z] [runtime-status] [12976] Resolved module firebase-admin {"declared":true,"installed":true,"version":"9.3.0","resolution":"D:\\GitHub\\GitHub\\ques-lyfe-media\\functions\\node_modules\\firebase-admin\\lib\\index.js"} {"metadata":{"emulator":{"name":"functions"},"message":"[runtime-status] [12976] Resolved module firebase-admin {\"declared\":true,\"installed\":true,\"version\":\"9.3.0\",\"resolution\":\"D:\\\\GitHub\\\\GitHub\\\\ques-lyfe-media\\\\functions\\\\node_modules\\\\firebase-admin\\\\lib\\\\index.js\"}"}}
[debug] [2020-10-29T15:16:22.307Z] [runtime-status] [12976] Resolved module firebase-functions {"declared":true,"installed":true,"version":"3.11.0","resolution":"D:\\GitHub\\GitHub\\ques-lyfe-media\\functions\\node_modules\\firebase-functions\\lib\\index.js"} {"metadata":{"emulator":{"name":"functions"},"message":"[runtime-status] [12976] Resolved module firebase-functions {\"declared\":true,\"installed\":true,\"version\":\"3.11.0\",\"resolution\":\"D:\\\\GitHub\\\\GitHub\\\\ques-lyfe-media\\\\functions\\\\node_modules\\\\firebase-functions\\\\lib\\\\index.js\"}"}}
[debug] [2020-10-29T15:16:22.310Z] [runtime-status] [12976] Resolved module firebase-functions {"declared":true,"installed":true,"version":"3.11.0","resolution":"D:\\GitHub\\GitHub\\ques-lyfe-media\\functions\\node_modules\\firebase-functions\\lib\\index.js"} {"metadata":{"emulator":{"name":"functions"},"message":"[runtime-status] [12976] Resolved module firebase-functions {\"declared\":true,\"installed\":true,\"version\":\"3.11.0\",\"resolution\":\"D:\\\\GitHub\\\\GitHub\\\\ques-lyfe-media\\\\functions\\\\node_modules\\\\firebase-functions\\\\lib\\\\index.js\"}"}}
[debug] [2020-10-29T15:16:22.319Z] [runtime-status] [12976] Outgoing network have been stubbed. [{"name":"http","status":"mocked"},{"name":"http","status":"mocked"},{"name":"https","status":"mocked"},{"name":"https","status":"mocked"},{"name":"net","status":"mocked"}] {"metadata":{"emulator":{"name":"functions"},"message":"[runtime-status] [12976] Outgoing network have been stubbed. [{\"name\":\"http\",\"status\":\"mocked\"},{\"name\":\"http\",\"status\":\"mocked\"},{\"name\":\"https\",\"status\":\"mocked\"},{\"name\":\"https\",\"status\":\"mocked\"},{\"name\":\"net\",\"status\":\"mocked\"}]"}}
[debug] [2020-10-29T15:16:22.320Z] [runtime-status] [12976] Resolved module firebase-functions {"declared":true,"installed":true,"version":"3.11.0","resolution":"D:\\GitHub\\GitHub\\ques-lyfe-media\\functions\\node_modules\\firebase-functions\\lib\\index.js"} {"metadata":{"emulator":{"name":"functions"},"message":"[runtime-status] [12976] Resolved module firebase-functions {\"declared\":true,\"installed\":true,\"version\":\"3.11.0\",\"resolution\":\"D:\\\\GitHub\\\\GitHub\\\\ques-lyfe-media\\\\functions\\\\node_modules\\\\firebase-functions\\\\lib\\\\index.js\"}"}}
[debug] [2020-10-29T15:16:22.391Z] [runtime-status] [12976] Checked functions.config() {"config":{}} {"metadata":{"emulator":{"name":"functions"},"message":"[runtime-status] [12976] Checked functions.config() {\"config\":{}}"}}
[debug] [2020-10-29T15:16:22.392Z] [runtime-status] [12976] firebase-functions has been stubbed. {"functionsResolution":{"declared":true,"installed":true,"version":"3.11.0","resolution":"D:\\GitHub\\GitHub\\ques-lyfe-media\\functions\\node_modules\\firebase-functions\\lib\\index.js"}} {"metadata":{"emulator":{"name":"functions"},"message":"[runtime-status] [12976] firebase-functions has been stubbed. {\"functionsResolution\":{\"declared\":true,\"installed\":true,\"version\":\"3.11.0\",\"resolution\":\"D:\\\\GitHub\\\\GitHub\\\\ques-lyfe-media\\\\functions\\\\node_modules\\\\firebase-functions\\\\lib\\\\index.js\"}}"}}
[debug] [2020-10-29T15:16:22.392Z] [runtime-status] [12976] Resolved module firebase-functions {"declared":true,"installed":true,"version":"3.11.0","resolution":"D:\\GitHub\\GitHub\\ques-lyfe-media\\functions\\node_modules\\firebase-functions\\lib\\index.js"} {"metadata":{"emulator":{"name":"functions"},"message":"[runtime-status] [12976] Resolved module firebase-functions {\"declared\":true,\"installed\":true,\"version\":\"3.11.0\",\"resolution\":\"D:\\\\GitHub\\\\GitHub\\\\ques-lyfe-media\\\\functions\\\\node_modules\\\\firebase-functions\\\\lib\\\\index.js\"}"}}
[debug] [2020-10-29T15:16:22.393Z] [runtime-status] [12976] Resolved module firebase-admin {"declared":true,"installed":true,"version":"9.3.0","resolution":"D:\\GitHub\\GitHub\\ques-lyfe-media\\functions\\node_modules\\firebase-admin\\lib\\index.js"} {"metadata":{"emulator":{"name":"functions"},"message":"[runtime-status] [12976] Resolved module firebase-admin {\"declared\":true,\"installed\":true,\"version\":\"9.3.0\",\"resolution\":\"D:\\\\GitHub\\\\GitHub\\\\ques-lyfe-media\\\\functions\\\\node_modules\\\\firebase-admin\\\\lib\\\\index.js\"}"}}
[debug] [2020-10-29T15:16:22.394Z] [runtime-status] [12976] Resolved module firebase-functions {"declared":true,"installed":true,"version":"3.11.0","resolution":"D:\\GitHub\\GitHub\\ques-lyfe-media\\functions\\node_modules\\firebase-functions\\lib\\index.js"} {"metadata":{"emulator":{"name":"functions"},"message":"[runtime-status] [12976] Resolved module firebase-functions {\"declared\":true,\"installed\":true,\"version\":\"3.11.0\",\"resolution\":\"D:\\\\GitHub\\\\GitHub\\\\ques-lyfe-media\\\\functions\\\\node_modules\\\\firebase-functions\\\\lib\\\\index.js\"}"}}
[debug] [2020-10-29T15:16:22.394Z] [runtime-status] [12976] firebase-admin has been stubbed. {"adminResolution":{"declared":true,"installed":true,"version":"9.3.0","resolution":"D:\\GitHub\\GitHub\\ques-lyfe-media\\functions\\node_modules\\firebase-admin\\lib\\index.js"}} {"metadata":{"emulator":{"name":"functions"},"message":"[runtime-status] [12976] firebase-admin has been stubbed. {\"adminResolution\":{\"declared\":true,\"installed\":true,\"version\":\"9.3.0\",\"resolution\":\"D:\\\\GitHub\\\\GitHub\\\\ques-lyfe-media\\\\functions\\\\node_modules\\\\firebase-admin\\\\lib\\\\index.js\"}}"}}
[debug] [2020-10-29T15:16:22.603Z] [runtime-status] [12976] initializeApp(DEFAULT) {"databaseURL":"https://queslyfemedia.firebaseio.com","storageBucket":"queslyfemedia.appspot.com","projectId":"queslyfemedia"} {"metadata":{"emulator":{"name":"functions"},"message":"[runtime-status] [12976] initializeApp(DEFAULT) {\"databaseURL\":\"https://queslyfemedia.firebaseio.com\",\"storageBucket\":\"queslyfemedia.appspot.com\",\"projectId\":\"queslyfemedia\"}"}}
[debug] [2020-10-29T15:16:22.606Z] [worker-~diagnostic~-b1e37af0-3ab6-419b-89e6-2618f79cb56d]: IDLE {"metadata":{"emulator":{"name":"functions"},"message":"[worker-~diagnostic~-b1e37af0-3ab6-419b-89e6-2618f79cb56d]: IDLE"}}
